<?xml version="1.0" encoding="UTF-8"?>
<testng-results ignored="0" total="0" passed="0" failed="0" skipped="0">
  <reporter-output>
  </reporter-output>
  <suite started-at="2020-12-16T16:09:53Z" name="ZDiscussion.TestRunner" finished-at="2020-12-16T16:09:53Z" duration-ms="8">
    <groups>
    </groups>
    <test started-at="2020-12-16T16:09:53Z" name="Command line test" finished-at="2020-12-16T16:09:53Z" duration-ms="8">
    </test> <!-- Command line test -->
  </suite> <!-- ZDiscussion.TestRunner -->
</testng-results>
